<?xml version="1.0" encoding="UTF-8"?>
<!-- Generated by org.testng.reporters.JUnitReportReporter -->
<testsuite skipped="0" hostname="LAPTOP-0GVBLKRC" name="DataDrivenTest2" tests="1" failures="0" timestamp="29 Apr 2021 01:40:06 GMT" time="4.752" errors="0">
  <testcase name="postNewEmployees" time="4.752" classname="DataDrivenTest2"/>
</testsuite> <!-- DataDrivenTest2 -->
